[debug] [2020-09-11T13:58:06.740Z] ----------------------------------------------------------------------
[debug] [2020-09-11T13:58:06.745Z] Command:       C:\Program Files\nodejs\node.exe C:\Users\rupak\AppData\Roaming\npm\node_modules\firebase-tools\lib\bin\firebase.js emulators:start
[debug] [2020-09-11T13:58:06.746Z] CLI Version:   8.10.0
[debug] [2020-09-11T13:58:06.746Z] Platform:      win32
[debug] [2020-09-11T13:58:06.747Z] Node Version:  v12.16.3
[debug] [2020-09-11T13:58:06.750Z] Time:          Fri Sep 11 2020 19:28:06 GMT+0530 (India Standard Time)
[debug] [2020-09-11T13:58:06.750Z] ----------------------------------------------------------------------
[debug] [2020-09-11T13:58:06.751Z] 
[debug] [2020-09-11T13:58:06.771Z] > command requires scopes: ["email","openid","https://www.googleapis.com/auth/cloudplatformprojects.readonly","https://www.googleapis.com/auth/firebase","https://www.googleapis.com/auth/cloud-platform"]
[debug] [2020-09-11T13:58:06.772Z] > authorizing via signed-in user
[info] i  emulators: Starting emulators: functions, hosting {"metadata":{"emulator":{"name":"hub"},"message":"Starting emulators: functions, hosting"}}
[debug] [2020-09-11T13:58:08.817Z] [hub] writing locator at C:\Users\rupak\AppData\Local\Temp\hub-clone-2c804.json
[warn] !  functions: The following emulators are not running, calls to these services from the Functions emulator will affect production: firestore, database, pubsub {"metadata":{"emulator":{"name":"functions"},"message":"The following emulators are not running, calls to these services from the Functions emulator will affect production: \u001b[1mfirestore, database, pubsub\u001b[22m"}}
[warn] !  Your requested "node" version "10" doesn't match your global version "12" {"metadata":{"emulator":{"name":"functions"},"message":"Your requested \"node\" version \"10\" doesn't match your global version \"12\""}}
[debug] [2020-09-11T13:58:10.893Z] defaultcredentials: writing to file C:\Users\rupak\AppData\Roaming\firebase\rupa_rk201_gmail.com_application_default_credentials.json
[debug] [2020-09-11T13:58:10.899Z] Setting GAC to C:\Users\rupak\AppData\Roaming\firebase\rupa_rk201_gmail.com_application_default_credentials.json {"metadata":{"emulator":{"name":"functions"},"message":"Setting GAC to C:\\Users\\rupak\\AppData\\Roaming\\firebase\\rupa_rk201_gmail.com_application_default_credentials.json"}}
[debug] [2020-09-11T13:58:12.925Z] > refreshing access token with scopes: ["email","https://www.googleapis.com/auth/cloud-platform","https://www.googleapis.com/auth/cloudplatformprojects.readonly","https://www.googleapis.com/auth/firebase","openid"]
[debug] [2020-09-11T13:58:12.926Z] >>> HTTP REQUEST POST https://www.googleapis.com/oauth2/v3/token  
 <request body omitted>
[debug] [2020-09-11T13:58:13.118Z] <<< HTTP RESPONSE 200 {"content-type":"application/json; charset=utf-8","vary":"X-Origin, Referer, Origin,Accept-Encoding","date":"Fri, 11 Sep 2020 13:58:12 GMT","server":"scaffolding on HTTPServer2","cache-control":"private","x-xss-protection":"0","x-frame-options":"SAMEORIGIN","x-content-type-options":"nosniff","alt-svc":"h3-29=\":443\"; ma=2592000,h3-27=\":443\"; ma=2592000,h3-T051=\":443\"; ma=2592000,h3-T050=\":443\"; ma=2592000,h3-Q050=\":443\"; ma=2592000,h3-Q046=\":443\"; ma=2592000,h3-Q043=\":443\"; ma=2592000,quic=\":443\"; ma=2592000; v=\"46,43\"","accept-ranges":"none","transfer-encoding":"chunked"}
[debug] [2020-09-11T13:58:13.166Z] >>> HTTP REQUEST GET https://firebase.googleapis.com/v1beta1/projects/clone-2c804/webApps/-/config  
 
[debug] [2020-09-11T13:58:14.633Z] <<< HTTP RESPONSE 200 {"content-type":"application/json; charset=UTF-8","vary":"X-Origin, Referer, Origin,Accept-Encoding","date":"Fri, 11 Sep 2020 13:58:14 GMT","server":"ESF","cache-control":"private","x-xss-protection":"0","x-frame-options":"SAMEORIGIN","x-content-type-options":"nosniff","alt-svc":"h3-29=\":443\"; ma=2592000,h3-27=\":443\"; ma=2592000,h3-T051=\":443\"; ma=2592000,h3-T050=\":443\"; ma=2592000,h3-Q050=\":443\"; ma=2592000,h3-Q046=\":443\"; ma=2592000,h3-Q043=\":443\"; ma=2592000,quic=\":443\"; ma=2592000; v=\"46,43\"","accept-ranges":"none","transfer-encoding":"chunked"}
[info] i  hosting: Serving hosting files from: build {"metadata":{"emulator":{"name":"hosting"},"message":"Serving hosting files from: \u001b[1mbuild\u001b[22m"}}
[info] +  hosting: Local server: http://localhost:5000 {"metadata":{"emulator":{"name":"hosting"},"message":"Local server: \u001b[4m\u001b[1mhttp://localhost:5000\u001b[22m\u001b[24m"}}
[debug] [2020-09-11T13:58:18.793Z] Ignoring unsupported arg: auto_download {"metadata":{"emulator":{"name":"ui"},"message":"Ignoring unsupported arg: auto_download"}}
[debug] [2020-09-11T13:58:18.793Z] Ignoring unsupported arg: port {"metadata":{"emulator":{"name":"ui"},"message":"Ignoring unsupported arg: port"}}
[debug] [2020-09-11T13:58:18.794Z] Starting Emulator UI with command {"binary":"node","args":["C:\\Users\\rupak\\.cache\\firebase\\emulators\\ui-v1.1.1\\server.bundle.js"],"optionalArgs":[],"joinArgs":false} {"metadata":{"emulator":{"name":"ui"},"message":"Starting Emulator UI with command {\"binary\":\"node\",\"args\":[\"C:\\\\Users\\\\rupak\\\\.cache\\\\firebase\\\\emulators\\\\ui-v1.1.1\\\\server.bundle.js\"],\"optionalArgs\":[],\"joinArgs\":false}"}}
[info] i  ui: Emulator UI logging to ui-debug.log {"metadata":{"emulator":{"name":"ui"},"message":"Emulator UI logging to \u001b[1mui-debug.log\u001b[22m"}}
[debug] [2020-09-11T13:58:19.076Z] Web / API server started at http://localhost:4000
 {"metadata":{"emulator":{"name":"ui"},"message":"Web / API server started at http://localhost:4000\n"}}
[info] i  functions: Watching "C:\Users\rupak\reactJS\amazon-clone\amazon-clone-app\functions" for Cloud Functions... {"metadata":{"emulator":{"name":"functions"},"message":"Watching \"C:\\Users\\rupak\\reactJS\\amazon-clone\\amazon-clone-app\\functions\" for Cloud Functions..."}}
[debug] [2020-09-11T13:58:19.374Z] [worker-pool] addWorker(~diagnostic~) {"metadata":{"emulator":{"name":"functions"},"message":"[worker-pool] addWorker(~diagnostic~)"}}
[debug] [2020-09-11T13:58:19.375Z] [worker-pool] Adding worker with key ~diagnostic~, total=1 {"metadata":{"emulator":{"name":"functions"},"message":"[worker-pool] Adding worker with key ~diagnostic~, total=1"}}
[debug] [2020-09-11T13:58:19.375Z] [worker-pool] submitWork(triggerId=) {"metadata":{"emulator":{"name":"functions"},"message":"[worker-pool] submitWork(triggerId=)"}}
[debug] [2020-09-11T13:58:19.376Z] [worker-~diagnostic~-6bc8552b-6c5b-4723-81f8-f17cd7880130]: Assigning socketPath: \\?\pipe\C:\Users\rupak\reactJS\amazon-clone\amazon-clone-app\functions\31448 {"metadata":{"emulator":{"name":"functions"},"message":"[worker-~diagnostic~-6bc8552b-6c5b-4723-81f8-f17cd7880130]: Assigning socketPath: \\\\?\\pipe\\C:\\Users\\rupak\\reactJS\\amazon-clone\\amazon-clone-app\\functions\\31448"}}
[debug] [2020-09-11T13:58:19.377Z] [worker-~diagnostic~-6bc8552b-6c5b-4723-81f8-f17cd7880130]: BUSY {"metadata":{"emulator":{"name":"functions"},"message":"[worker-~diagnostic~-6bc8552b-6c5b-4723-81f8-f17cd7880130]: BUSY"}}
[debug] [2020-09-11T13:58:20.336Z] [runtime-status] [31448] Functions runtime initialized. {"cwd":"C:\\Users\\rupak\\reactJS\\amazon-clone\\amazon-clone-app\\functions","node_version":"12.16.3"} {"metadata":{"emulator":{"name":"functions"},"message":"[runtime-status] [31448] Functions runtime initialized. {\"cwd\":\"C:\\\\Users\\\\rupak\\\\reactJS\\\\amazon-clone\\\\amazon-clone-app\\\\functions\",\"node_version\":\"12.16.3\"}"}}
[debug] [2020-09-11T13:58:20.337Z] [runtime-status] [31448] Disabled runtime features: undefined {"metadata":{"emulator":{"name":"functions"},"message":"[runtime-status] [31448] Disabled runtime features: undefined"}}
[debug] [2020-09-11T13:58:20.368Z] [runtime-status] [31448] Resolved module firebase-admin {"declared":true,"installed":true,"version":"8.13.0","resolution":"C:\\Users\\rupak\\reactJS\\amazon-clone\\amazon-clone-app\\functions\\node_modules\\firebase-admin\\lib\\index.js"} {"metadata":{"emulator":{"name":"functions"},"message":"[runtime-status] [31448] Resolved module firebase-admin {\"declared\":true,\"installed\":true,\"version\":\"8.13.0\",\"resolution\":\"C:\\\\Users\\\\rupak\\\\reactJS\\\\amazon-clone\\\\amazon-clone-app\\\\functions\\\\node_modules\\\\firebase-admin\\\\lib\\\\index.js\"}"}}
[debug] [2020-09-11T13:58:20.374Z] [runtime-status] [31448] Resolved module firebase-functions {"declared":true,"installed":true,"version":"3.11.0","resolution":"C:\\Users\\rupak\\reactJS\\amazon-clone\\amazon-clone-app\\functions\\node_modules\\firebase-functions\\lib\\index.js"} {"metadata":{"emulator":{"name":"functions"},"message":"[runtime-status] [31448] Resolved module firebase-functions {\"declared\":true,\"installed\":true,\"version\":\"3.11.0\",\"resolution\":\"C:\\\\Users\\\\rupak\\\\reactJS\\\\amazon-clone\\\\amazon-clone-app\\\\functions\\\\node_modules\\\\firebase-functions\\\\lib\\\\index.js\"}"}}
[debug] [2020-09-11T13:58:20.376Z] [runtime-status] [31448] Resolved module firebase-functions {"declared":true,"installed":true,"version":"3.11.0","resolution":"C:\\Users\\rupak\\reactJS\\amazon-clone\\amazon-clone-app\\functions\\node_modules\\firebase-functions\\lib\\index.js"} {"metadata":{"emulator":{"name":"functions"},"message":"[runtime-status] [31448] Resolved module firebase-functions {\"declared\":true,\"installed\":true,\"version\":\"3.11.0\",\"resolution\":\"C:\\\\Users\\\\rupak\\\\reactJS\\\\amazon-clone\\\\amazon-clone-app\\\\functions\\\\node_modules\\\\firebase-functions\\\\lib\\\\index.js\"}"}}
[debug] [2020-09-11T13:58:20.380Z] [runtime-status] [31448] Outgoing network have been stubbed. [{"name":"http","status":"mocked"},{"name":"http","status":"mocked"},{"name":"https","status":"mocked"},{"name":"https","status":"mocked"},{"name":"net","status":"mocked"}] {"metadata":{"emulator":{"name":"functions"},"message":"[runtime-status] [31448] Outgoing network have been stubbed. [{\"name\":\"http\",\"status\":\"mocked\"},{\"name\":\"http\",\"status\":\"mocked\"},{\"name\":\"https\",\"status\":\"mocked\"},{\"name\":\"https\",\"status\":\"mocked\"},{\"name\":\"net\",\"status\":\"mocked\"}]"}}
[debug] [2020-09-11T13:58:20.382Z] [runtime-status] [31448] Resolved module firebase-functions {"declared":true,"installed":true,"version":"3.11.0","resolution":"C:\\Users\\rupak\\reactJS\\amazon-clone\\amazon-clone-app\\functions\\node_modules\\firebase-functions\\lib\\index.js"} {"metadata":{"emulator":{"name":"functions"},"message":"[runtime-status] [31448] Resolved module firebase-functions {\"declared\":true,\"installed\":true,\"version\":\"3.11.0\",\"resolution\":\"C:\\\\Users\\\\rupak\\\\reactJS\\\\amazon-clone\\\\amazon-clone-app\\\\functions\\\\node_modules\\\\firebase-functions\\\\lib\\\\index.js\"}"}}
[debug] [2020-09-11T13:58:20.517Z] [runtime-status] [31448] Checked functions.config() {"config":{}} {"metadata":{"emulator":{"name":"functions"},"message":"[runtime-status] [31448] Checked functions.config() {\"config\":{}}"}}
[debug] [2020-09-11T13:58:20.517Z] [runtime-status] [31448] firebase-functions has been stubbed. {"functionsResolution":{"declared":true,"installed":true,"version":"3.11.0","resolution":"C:\\Users\\rupak\\reactJS\\amazon-clone\\amazon-clone-app\\functions\\node_modules\\firebase-functions\\lib\\index.js"}} {"metadata":{"emulator":{"name":"functions"},"message":"[runtime-status] [31448] firebase-functions has been stubbed. {\"functionsResolution\":{\"declared\":true,\"installed\":true,\"version\":\"3.11.0\",\"resolution\":\"C:\\\\Users\\\\rupak\\\\reactJS\\\\amazon-clone\\\\amazon-clone-app\\\\functions\\\\node_modules\\\\firebase-functions\\\\lib\\\\index.js\"}}"}}
[debug] [2020-09-11T13:58:20.519Z] [runtime-status] [31448] Resolved module firebase-functions {"declared":true,"installed":true,"version":"3.11.0","resolution":"C:\\Users\\rupak\\reactJS\\amazon-clone\\amazon-clone-app\\functions\\node_modules\\firebase-functions\\lib\\index.js"} {"metadata":{"emulator":{"name":"functions"},"message":"[runtime-status] [31448] Resolved module firebase-functions {\"declared\":true,\"installed\":true,\"version\":\"3.11.0\",\"resolution\":\"C:\\\\Users\\\\rupak\\\\reactJS\\\\amazon-clone\\\\amazon-clone-app\\\\functions\\\\node_modules\\\\firebase-functions\\\\lib\\\\index.js\"}"}}
[debug] [2020-09-11T13:58:20.521Z] [runtime-status] [31448] Resolved module firebase-admin {"declared":true,"installed":true,"version":"8.13.0","resolution":"C:\\Users\\rupak\\reactJS\\amazon-clone\\amazon-clone-app\\functions\\node_modules\\firebase-admin\\lib\\index.js"} {"metadata":{"emulator":{"name":"functions"},"message":"[runtime-status] [31448] Resolved module firebase-admin {\"declared\":true,\"installed\":true,\"version\":\"8.13.0\",\"resolution\":\"C:\\\\Users\\\\rupak\\\\reactJS\\\\amazon-clone\\\\amazon-clone-app\\\\functions\\\\node_modules\\\\firebase-admin\\\\lib\\\\index.js\"}"}}
[debug] [2020-09-11T13:58:20.523Z] [runtime-status] [31448] Resolved module firebase-functions {"declared":true,"installed":true,"version":"3.11.0","resolution":"C:\\Users\\rupak\\reactJS\\amazon-clone\\amazon-clone-app\\functions\\node_modules\\firebase-functions\\lib\\index.js"} {"metadata":{"emulator":{"name":"functions"},"message":"[runtime-status] [31448] Resolved module firebase-functions {\"declared\":true,\"installed\":true,\"version\":\"3.11.0\",\"resolution\":\"C:\\\\Users\\\\rupak\\\\reactJS\\\\amazon-clone\\\\amazon-clone-app\\\\functions\\\\node_modules\\\\firebase-functions\\\\lib\\\\index.js\"}"}}
[debug] [2020-09-11T13:58:20.524Z] [runtime-status] [31448] firebase-admin has been stubbed. {"adminResolution":{"declared":true,"installed":true,"version":"8.13.0","resolution":"C:\\Users\\rupak\\reactJS\\amazon-clone\\amazon-clone-app\\functions\\node_modules\\firebase-admin\\lib\\index.js"}} {"metadata":{"emulator":{"name":"functions"},"message":"[runtime-status] [31448] firebase-admin has been stubbed. {\"adminResolution\":{\"declared\":true,\"installed\":true,\"version\":\"8.13.0\",\"resolution\":\"C:\\\\Users\\\\rupak\\\\reactJS\\\\amazon-clone\\\\amazon-clone-app\\\\functions\\\\node_modules\\\\firebase-admin\\\\lib\\\\index.js\"}}"}}
[info] +  functions[api]: http function initialized (http://localhost:5001/clone-2c804/us-central1/api). {"metadata":{"emulator":{"name":"functions"},"message":"\u001b[1mhttp\u001b[22m function initialized (http://localhost:5001/clone-2c804/us-central1/api)."}}
[info] 
┌───────────────────────────────────────────────────────────────────────┐
│ ✔  All emulators ready! View status and logs at http://localhost:4000 │
└───────────────────────────────────────────────────────────────────────┘

┌───────────┬────────────────┬─────────────────────────────────┐
│ Emulator  │ Host:Port      │ View in Emulator UI             │
├───────────┼────────────────┼─────────────────────────────────┤
│ Functions │ localhost:5001 │ http://localhost:4000/functions │
├───────────┼────────────────┼─────────────────────────────────┤
│ Hosting   │ localhost:5000 │ n/a                             │
└───────────┴────────────────┴─────────────────────────────────┘
  Other reserved ports: 4400, 4500

Issues? Report them at https://github.com/firebase/firebase-tools/issues and attach the *-debug.log files.
 
[debug] [2020-09-11T13:58:21.120Z] [worker-~diagnostic~-6bc8552b-6c5b-4723-81f8-f17cd7880130]: IDLE {"metadata":{"emulator":{"name":"functions"},"message":"[worker-~diagnostic~-6bc8552b-6c5b-4723-81f8-f17cd7880130]: IDLE"}}
[debug] [2020-09-11T14:17:12.974Z] [work-queue] {"queueLength":1,"workRunningCount":0}
[debug] [2020-09-11T14:17:12.976Z] [work-queue] {"queueLength":0,"workRunningCount":1}
[debug] [2020-09-11T14:17:12.977Z] Accepted request GET /clone-2c804/us-central1/api --> api
[debug] [2020-09-11T14:17:12.990Z] [worker-pool] addWorker(api) {"metadata":{"emulator":{"name":"functions"},"message":"[worker-pool] addWorker(api)"}}
[debug] [2020-09-11T14:17:12.991Z] [worker-pool] Adding worker with key api, total=1 {"metadata":{"emulator":{"name":"functions"},"message":"[worker-pool] Adding worker with key api, total=1"}}
[debug] [2020-09-11T14:17:12.992Z] [worker-pool] submitWork(triggerId=api) {"metadata":{"emulator":{"name":"functions"},"message":"[worker-pool] submitWork(triggerId=api)"}}
[debug] [2020-09-11T14:17:12.992Z] [worker-api-77fdcea1-570b-49fc-a46d-eb41ab2d8985]: Assigning socketPath: \\?\pipe\C:\Users\rupak\reactJS\amazon-clone\amazon-clone-app\functions\1700 {"metadata":{"emulator":{"name":"functions"},"message":"[worker-api-77fdcea1-570b-49fc-a46d-eb41ab2d8985]: Assigning socketPath: \\\\?\\pipe\\C:\\Users\\rupak\\reactJS\\amazon-clone\\amazon-clone-app\\functions\\1700"}}
[debug] [2020-09-11T14:17:12.992Z] [worker-api-77fdcea1-570b-49fc-a46d-eb41ab2d8985]: BUSY {"metadata":{"emulator":{"name":"functions"},"message":"[worker-api-77fdcea1-570b-49fc-a46d-eb41ab2d8985]: BUSY"}}
[debug] [2020-09-11T14:17:14.154Z] [runtime-status] [1700] Functions runtime initialized. {"cwd":"C:\\Users\\rupak\\reactJS\\amazon-clone\\amazon-clone-app\\functions","node_version":"12.16.3"} {"metadata":{"emulator":{"name":"functions"},"function":{"name":"api"},"message":"[runtime-status] [1700] Functions runtime initialized. {\"cwd\":\"C:\\\\Users\\\\rupak\\\\reactJS\\\\amazon-clone\\\\amazon-clone-app\\\\functions\",\"node_version\":\"12.16.3\"}"}}
[debug] [2020-09-11T14:17:14.160Z] [runtime-status] [1700] Disabled runtime features: undefined {"metadata":{"emulator":{"name":"functions"},"function":{"name":"api"},"message":"[runtime-status] [1700] Disabled runtime features: undefined"}}
[debug] [2020-09-11T14:17:14.174Z] [runtime-status] [1700] Resolved module firebase-admin {"declared":true,"installed":true,"version":"8.13.0","resolution":"C:\\Users\\rupak\\reactJS\\amazon-clone\\amazon-clone-app\\functions\\node_modules\\firebase-admin\\lib\\index.js"} {"metadata":{"emulator":{"name":"functions"},"function":{"name":"api"},"message":"[runtime-status] [1700] Resolved module firebase-admin {\"declared\":true,\"installed\":true,\"version\":\"8.13.0\",\"resolution\":\"C:\\\\Users\\\\rupak\\\\reactJS\\\\amazon-clone\\\\amazon-clone-app\\\\functions\\\\node_modules\\\\firebase-admin\\\\lib\\\\index.js\"}"}}
[debug] [2020-09-11T14:17:14.179Z] [runtime-status] [1700] Resolved module firebase-functions {"declared":true,"installed":true,"version":"3.11.0","resolution":"C:\\Users\\rupak\\reactJS\\amazon-clone\\amazon-clone-app\\functions\\node_modules\\firebase-functions\\lib\\index.js"} {"metadata":{"emulator":{"name":"functions"},"function":{"name":"api"},"message":"[runtime-status] [1700] Resolved module firebase-functions {\"declared\":true,\"installed\":true,\"version\":\"3.11.0\",\"resolution\":\"C:\\\\Users\\\\rupak\\\\reactJS\\\\amazon-clone\\\\amazon-clone-app\\\\functions\\\\node_modules\\\\firebase-functions\\\\lib\\\\index.js\"}"}}
[debug] [2020-09-11T14:17:14.181Z] [runtime-status] [1700] Resolved module firebase-functions {"declared":true,"installed":true,"version":"3.11.0","resolution":"C:\\Users\\rupak\\reactJS\\amazon-clone\\amazon-clone-app\\functions\\node_modules\\firebase-functions\\lib\\index.js"} {"metadata":{"emulator":{"name":"functions"},"function":{"name":"api"},"message":"[runtime-status] [1700] Resolved module firebase-functions {\"declared\":true,\"installed\":true,\"version\":\"3.11.0\",\"resolution\":\"C:\\\\Users\\\\rupak\\\\reactJS\\\\amazon-clone\\\\amazon-clone-app\\\\functions\\\\node_modules\\\\firebase-functions\\\\lib\\\\index.js\"}"}}
[debug] [2020-09-11T14:17:14.185Z] [runtime-status] [1700] Outgoing network have been stubbed. [{"name":"http","status":"mocked"},{"name":"http","status":"mocked"},{"name":"https","status":"mocked"},{"name":"https","status":"mocked"},{"name":"net","status":"mocked"}] {"metadata":{"emulator":{"name":"functions"},"function":{"name":"api"},"message":"[runtime-status] [1700] Outgoing network have been stubbed. [{\"name\":\"http\",\"status\":\"mocked\"},{\"name\":\"http\",\"status\":\"mocked\"},{\"name\":\"https\",\"status\":\"mocked\"},{\"name\":\"https\",\"status\":\"mocked\"},{\"name\":\"net\",\"status\":\"mocked\"}]"}}
[debug] [2020-09-11T14:17:14.187Z] [runtime-status] [1700] Resolved module firebase-functions {"declared":true,"installed":true,"version":"3.11.0","resolution":"C:\\Users\\rupak\\reactJS\\amazon-clone\\amazon-clone-app\\functions\\node_modules\\firebase-functions\\lib\\index.js"} {"metadata":{"emulator":{"name":"functions"},"function":{"name":"api"},"message":"[runtime-status] [1700] Resolved module firebase-functions {\"declared\":true,\"installed\":true,\"version\":\"3.11.0\",\"resolution\":\"C:\\\\Users\\\\rupak\\\\reactJS\\\\amazon-clone\\\\amazon-clone-app\\\\functions\\\\node_modules\\\\firebase-functions\\\\lib\\\\index.js\"}"}}
[debug] [2020-09-11T14:17:14.316Z] [runtime-status] [1700] Checked functions.config() {"config":{}} {"metadata":{"emulator":{"name":"functions"},"function":{"name":"api"},"message":"[runtime-status] [1700] Checked functions.config() {\"config\":{}}"}}
[debug] [2020-09-11T14:17:14.317Z] [runtime-status] [1700] firebase-functions has been stubbed. {"functionsResolution":{"declared":true,"installed":true,"version":"3.11.0","resolution":"C:\\Users\\rupak\\reactJS\\amazon-clone\\amazon-clone-app\\functions\\node_modules\\firebase-functions\\lib\\index.js"}} {"metadata":{"emulator":{"name":"functions"},"function":{"name":"api"},"message":"[runtime-status] [1700] firebase-functions has been stubbed. {\"functionsResolution\":{\"declared\":true,\"installed\":true,\"version\":\"3.11.0\",\"resolution\":\"C:\\\\Users\\\\rupak\\\\reactJS\\\\amazon-clone\\\\amazon-clone-app\\\\functions\\\\node_modules\\\\firebase-functions\\\\lib\\\\index.js\"}}"}}
[debug] [2020-09-11T14:17:14.319Z] [runtime-status] [1700] Resolved module firebase-functions {"declared":true,"installed":true,"version":"3.11.0","resolution":"C:\\Users\\rupak\\reactJS\\amazon-clone\\amazon-clone-app\\functions\\node_modules\\firebase-functions\\lib\\index.js"} {"metadata":{"emulator":{"name":"functions"},"function":{"name":"api"},"message":"[runtime-status] [1700] Resolved module firebase-functions {\"declared\":true,\"installed\":true,\"version\":\"3.11.0\",\"resolution\":\"C:\\\\Users\\\\rupak\\\\reactJS\\\\amazon-clone\\\\amazon-clone-app\\\\functions\\\\node_modules\\\\firebase-functions\\\\lib\\\\index.js\"}"}}
[debug] [2020-09-11T14:17:14.323Z] [runtime-status] [1700] Resolved module firebase-admin {"declared":true,"installed":true,"version":"8.13.0","resolution":"C:\\Users\\rupak\\reactJS\\amazon-clone\\amazon-clone-app\\functions\\node_modules\\firebase-admin\\lib\\index.js"} {"metadata":{"emulator":{"name":"functions"},"function":{"name":"api"},"message":"[runtime-status] [1700] Resolved module firebase-admin {\"declared\":true,\"installed\":true,\"version\":\"8.13.0\",\"resolution\":\"C:\\\\Users\\\\rupak\\\\reactJS\\\\amazon-clone\\\\amazon-clone-app\\\\functions\\\\node_modules\\\\firebase-admin\\\\lib\\\\index.js\"}"}}
[debug] [2020-09-11T14:17:14.324Z] [runtime-status] [1700] Resolved module firebase-functions {"declared":true,"installed":true,"version":"3.11.0","resolution":"C:\\Users\\rupak\\reactJS\\amazon-clone\\amazon-clone-app\\functions\\node_modules\\firebase-functions\\lib\\index.js"} {"metadata":{"emulator":{"name":"functions"},"function":{"name":"api"},"message":"[runtime-status] [1700] Resolved module firebase-functions {\"declared\":true,\"installed\":true,\"version\":\"3.11.0\",\"resolution\":\"C:\\\\Users\\\\rupak\\\\reactJS\\\\amazon-clone\\\\amazon-clone-app\\\\functions\\\\node_modules\\\\firebase-functions\\\\lib\\\\index.js\"}"}}
[debug] [2020-09-11T14:17:14.325Z] [runtime-status] [1700] firebase-admin has been stubbed. {"adminResolution":{"declared":true,"installed":true,"version":"8.13.0","resolution":"C:\\Users\\rupak\\reactJS\\amazon-clone\\amazon-clone-app\\functions\\node_modules\\firebase-admin\\lib\\index.js"}} {"metadata":{"emulator":{"name":"functions"},"function":{"name":"api"},"message":"[runtime-status] [1700] firebase-admin has been stubbed. {\"adminResolution\":{\"declared\":true,\"installed\":true,\"version\":\"8.13.0\",\"resolution\":\"C:\\\\Users\\\\rupak\\\\reactJS\\\\amazon-clone\\\\amazon-clone-app\\\\functions\\\\node_modules\\\\firebase-admin\\\\lib\\\\index.js\"}}"}}
[debug] [2020-09-11T14:17:14.822Z] [runtime-status] [1700] Trigger "api" has been found, beginning invocation! {"metadata":{"emulator":{"name":"functions"},"function":{"name":"api"},"message":"[runtime-status] [1700] Trigger \"api\" has been found, beginning invocation!"}}
[info] i  functions: Beginning execution of "api" {"metadata":{"emulator":{"name":"functions"},"function":{"name":"api"},"message":"Beginning execution of \"api\""}}
[debug] [2020-09-11T14:17:14.824Z] [runtime-status] [1700] triggerDefinition {"httpsTrigger":{},"name":"api","entryPoint":"api"} {"metadata":{"emulator":{"name":"functions"},"function":{"name":"api"},"message":"[runtime-status] [1700] triggerDefinition {\"httpsTrigger\":{},\"name\":\"api\",\"entryPoint\":\"api\"}"}}
[debug] [2020-09-11T14:17:14.825Z] [runtime-status] [1700] Running api in mode HTTPS {"metadata":{"emulator":{"name":"functions"},"function":{"name":"api"},"message":"[runtime-status] [1700] Running api in mode HTTPS"}}
[debug] [2020-09-11T14:17:14.834Z] [runtime-status] [1700] Attempting to listen to socketPath: \\?\pipe\C:\Users\rupak\reactJS\amazon-clone\amazon-clone-app\functions\1700 {"metadata":{"emulator":{"name":"functions"},"function":{"name":"api"},"message":"[runtime-status] [1700] Attempting to listen to socketPath: \\\\?\\pipe\\C:\\Users\\rupak\\reactJS\\amazon-clone\\amazon-clone-app\\functions\\1700"}}
[debug] [2020-09-11T14:17:14.843Z] [functions] Runtime ready! Sending request! {"metadata":{"emulator":{"name":"functions"},"message":"[functions] Runtime ready! Sending request!"}}
[debug] [2020-09-11T14:17:14.863Z] [runtime-status] [1700] Ephemeral server handling GET request {"metadata":{"emulator":{"name":"functions"},"function":{"name":"api"},"message":"[runtime-status] [1700] Ephemeral server handling GET request"}}
[debug] [2020-09-11T14:17:14.881Z] [runtime-status] [1700] Ephemeral server survived. {"metadata":{"emulator":{"name":"functions"},"function":{"name":"api"},"message":"[runtime-status] [1700] Ephemeral server survived."}}
[info] i  functions: Finished "api" in ~1s {"metadata":{"emulator":{"name":"functions"},"function":{"name":"api"},"message":"Finished \"api\" in ~1s"}}
[debug] [2020-09-11T14:17:14.888Z] [worker-api-77fdcea1-570b-49fc-a46d-eb41ab2d8985]: IDLE {"metadata":{"emulator":{"name":"functions"},"message":"[worker-api-77fdcea1-570b-49fc-a46d-eb41ab2d8985]: IDLE"}}
[debug] [2020-09-11T14:17:14.889Z] [work-queue] {"queueLength":0,"workRunningCount":0}
